Build started 10/15/2015 11:07:48 PM.
     1>Project "C:\Users\Charles\Desktop\C++ Projects\Projects\Piet\Piet\Piet.vcxproj" on node 2 (Build target(s)).
     1>ClCompile:
         C:\Program Files (x86)\Microsoft Visual Studio 12.0\VC\bin\CL.exe /c /I.\include /ZI /nologo /W3 /WX- /sdl /Od /Oy- /D WIN32 /D _DEBUG /D _CONSOLE /D _LIB /D _CRT_SECURE_NO_DEPRECATE /D _UNICODE /D UNICODE /Gm /EHsc /RTC1 /MDd /GS /fp:precise /Zc:wchar_t /Zc:forScope /Fo"Debug\\" /Fd"Debug\vc120.pdb" /Gd /TP /analyze- /errorReport:prompt Game.cpp Main.cpp MainComponent.cpp
         MainComponent.cpp
     1>c:\users\charles\desktop\c++ projects\projects\piet\piet\input.h(66): warning C4351: new behavior: elements of array 'Input::gamePadButtonIsPressed' will be default initialized
     1>c:\users\charles\desktop\c++ projects\projects\piet\piet\input.h(67): warning C4351: new behavior: elements of array 'Input::gamePadButtonJustDown' will be default initialized
     1>c:\users\charles\desktop\c++ projects\projects\piet\piet\input.h(68): warning C4351: new behavior: elements of array 'Input::gamePadButtonJustUp' will be default initialized
     1>c:\users\charles\desktop\c++ projects\projects\piet\piet\entities.h(155): warning C4305: '=' : truncation from 'double' to 'float'
     1>c:\users\charles\desktop\c++ projects\projects\piet\piet\entities.h(156): warning C4305: '=' : truncation from 'double' to 'float'
     1>c:\users\charles\desktop\c++ projects\projects\piet\piet\entities.h(157): warning C4305: '=' : truncation from 'double' to 'float'
     1>c:\users\charles\desktop\c++ projects\projects\piet\piet\levels.h(74): warning C4305: 'argument' : truncation from 'double' to 'float'
     1>c:\users\charles\desktop\c++ projects\projects\piet\piet\levels.h(196): warning C4244: 'initializing' : conversion from 'Uint32' to 'float', possible loss of data
     1>c:\users\charles\desktop\c++ projects\projects\piet\piet\levels.h(205): warning C4305: '-=' : truncation from 'double' to 'float'
     1>c:\users\charles\desktop\c++ projects\projects\piet\piet\levels.h(207): warning C4305: '=' : truncation from 'double' to 'float'
     1>c:\users\charles\desktop\c++ projects\projects\piet\piet\levels.h(210): warning C4305: '+=' : truncation from 'double' to 'float'
     1>c:\users\charles\desktop\c++ projects\projects\piet\piet\levels.h(254): warning C4244: 'initializing' : conversion from 'float' to 'int', possible loss of data
     1>c:\users\charles\desktop\c++ projects\projects\piet\piet\levels.h(255): warning C4244: 'initializing' : conversion from 'float' to 'int', possible loss of data
     1>c:\users\charles\desktop\c++ projects\projects\piet\piet\levels.h(398): warning C4305: 'argument' : truncation from 'double' to 'float'
         GLM: rotate function taking degrees as a parameter is deprecated. #define GLM_FORCE_RADIANS before including GLM headers to remove this message.
         Main.cpp
     1>c:\users\charles\desktop\c++ projects\projects\piet\piet\input.h(66): warning C4351: new behavior: elements of array 'Input::gamePadButtonIsPressed' will be default initialized
     1>c:\users\charles\desktop\c++ projects\projects\piet\piet\input.h(67): warning C4351: new behavior: elements of array 'Input::gamePadButtonJustDown' will be default initialized
     1>c:\users\charles\desktop\c++ projects\projects\piet\piet\input.h(68): warning C4351: new behavior: elements of array 'Input::gamePadButtonJustUp' will be default initialized
     1>c:\users\charles\desktop\c++ projects\projects\piet\piet\entities.h(155): warning C4305: '=' : truncation from 'double' to 'float'
     1>c:\users\charles\desktop\c++ projects\projects\piet\piet\entities.h(156): warning C4305: '=' : truncation from 'double' to 'float'
     1>c:\users\charles\desktop\c++ projects\projects\piet\piet\entities.h(157): warning C4305: '=' : truncation from 'double' to 'float'
     1>c:\users\charles\desktop\c++ projects\projects\piet\piet\levels.h(74): warning C4305: 'argument' : truncation from 'double' to 'float'
     1>c:\users\charles\desktop\c++ projects\projects\piet\piet\levels.h(196): warning C4244: 'initializing' : conversion from 'Uint32' to 'float', possible loss of data
     1>c:\users\charles\desktop\c++ projects\projects\piet\piet\levels.h(205): warning C4305: '-=' : truncation from 'double' to 'float'
     1>c:\users\charles\desktop\c++ projects\projects\piet\piet\levels.h(207): warning C4305: '=' : truncation from 'double' to 'float'
     1>c:\users\charles\desktop\c++ projects\projects\piet\piet\levels.h(210): warning C4305: '+=' : truncation from 'double' to 'float'
     1>c:\users\charles\desktop\c++ projects\projects\piet\piet\levels.h(254): warning C4244: 'initializing' : conversion from 'float' to 'int', possible loss of data
     1>c:\users\charles\desktop\c++ projects\projects\piet\piet\levels.h(255): warning C4244: 'initializing' : conversion from 'float' to 'int', possible loss of data
     1>c:\users\charles\desktop\c++ projects\projects\piet\piet\levels.h(398): warning C4305: 'argument' : truncation from 'double' to 'float'
         GLM: rotate function taking degrees as a parameter is deprecated. #define GLM_FORCE_RADIANS before including GLM headers to remove this message.
         Game.cpp
     1>c:\users\charles\desktop\c++ projects\projects\piet\piet\input.h(66): warning C4351: new behavior: elements of array 'Input::gamePadButtonIsPressed' will be default initialized
     1>c:\users\charles\desktop\c++ projects\projects\piet\piet\input.h(67): warning C4351: new behavior: elements of array 'Input::gamePadButtonJustDown' will be default initialized
     1>c:\users\charles\desktop\c++ projects\projects\piet\piet\input.h(68): warning C4351: new behavior: elements of array 'Input::gamePadButtonJustUp' will be default initialized
     1>c:\users\charles\desktop\c++ projects\projects\piet\piet\entities.h(155): warning C4305: '=' : truncation from 'double' to 'float'
     1>c:\users\charles\desktop\c++ projects\projects\piet\piet\entities.h(156): warning C4305: '=' : truncation from 'double' to 'float'
     1>c:\users\charles\desktop\c++ projects\projects\piet\piet\entities.h(157): warning C4305: '=' : truncation from 'double' to 'float'
     1>c:\users\charles\desktop\c++ projects\projects\piet\piet\levels.h(74): warning C4305: 'argument' : truncation from 'double' to 'float'
     1>c:\users\charles\desktop\c++ projects\projects\piet\piet\levels.h(196): warning C4244: 'initializing' : conversion from 'Uint32' to 'float', possible loss of data
     1>c:\users\charles\desktop\c++ projects\projects\piet\piet\levels.h(205): warning C4305: '-=' : truncation from 'double' to 'float'
     1>c:\users\charles\desktop\c++ projects\projects\piet\piet\levels.h(207): warning C4305: '=' : truncation from 'double' to 'float'
     1>c:\users\charles\desktop\c++ projects\projects\piet\piet\levels.h(210): warning C4305: '+=' : truncation from 'double' to 'float'
     1>c:\users\charles\desktop\c++ projects\projects\piet\piet\levels.h(254): warning C4244: 'initializing' : conversion from 'float' to 'int', possible loss of data
     1>c:\users\charles\desktop\c++ projects\projects\piet\piet\levels.h(255): warning C4244: 'initializing' : conversion from 'float' to 'int', possible loss of data
     1>c:\users\charles\desktop\c++ projects\projects\piet\piet\levels.h(398): warning C4305: 'argument' : truncation from 'double' to 'float'
         GLM: rotate function taking degrees as a parameter is deprecated. #define GLM_FORCE_RADIANS before including GLM headers to remove this message.
         Generating Code...
     1>c:\users\charles\desktop\c++ projects\projects\piet\piet\tiles.h(56): warning C4715: 'Block::ObjectCollision' : not all control paths return a value
     1>c:\users\charles\desktop\c++ projects\projects\piet\piet\entities.h(64): warning C4715: 'Entity::getRelativeVelocityX' : not all control paths return a value
     1>c:\users\charles\desktop\c++ projects\projects\piet\piet\entities.h(78): warning C4715: 'Entity::getRelativeVelocityY' : not all control paths return a value
       Link:
         C:\Program Files (x86)\Microsoft Visual Studio 12.0\VC\bin\link.exe /ERRORREPORT:PROMPT /OUT:"C:\Users\Charles\Desktop\C++ Projects\Projects\Piet\Debug\Piet.exe" /INCREMENTAL /NOLOGO /LIBPATH:.\lib SDL2.lib SDL2main.lib SDL2test.lib glew32.lib glew32s.lib OpenGL32.lib kernel32.lib user32.lib gdi32.lib winspool.lib comdlg32.lib advapi32.lib shell32.lib ole32.lib oleaut32.lib uuid.lib odbc32.lib odbccp32.lib /MANIFEST /MANIFESTUAC:"level='asInvoker' uiAccess='false'" /manifest:embed /DEBUG /PDB:"C:\Users\Charles\Desktop\C++ Projects\Projects\Piet\Debug\Piet.pdb" /SUBSYSTEM:CONSOLE /TLBID:1 /DYNAMICBASE /NXCOMPAT /IMPLIB:"C:\Users\Charles\Desktop\C++ Projects\Projects\Piet\Debug\Piet.lib" /MACHINE:X86 Debug\Display.obj
         Debug\Game.obj
         Debug\Input.obj
         Debug\Main.obj
         Debug\MainComponent.obj
         Debug\mathFunctions.obj
         Debug\Mesh.obj
         Debug\Shader.obj
         Debug\Sprite.obj
         Debug\stb_image.obj
         Debug\Texture.obj
         Debug\Time.obj
         Piet.vcxproj -> C:\Users\Charles\Desktop\C++ Projects\Projects\Piet\Debug\Piet.exe
     1>Done Building Project "C:\Users\Charles\Desktop\C++ Projects\Projects\Piet\Piet\Piet.vcxproj" (Build target(s)).

Build succeeded.

Time Elapsed 00:00:05.10
