Build started 4/11/2015 5:34:24 PM.
     1>Project "C:\Users\Charles\Desktop\C++ Projects\Projects\Piet\Piet\Piet.vcxproj" on node 2 (Build target(s)).
     1>ClCompile:
         C:\Program Files (x86)\Microsoft Visual Studio 12.0\VC\bin\CL.exe /c /I.\include /Zi /nologo /W3 /WX- /sdl /O2 /Oi /Oy- /GL /D WIN32 /D NDEBUG /D _CONSOLE /D _LIB /D _CRT_SECURE_NO_DEPRECATE /D _UNICODE /D UNICODE /Gm- /EHsc /MD /GS /Gy /fp:precise /Zc:wchar_t /Zc:forScope /Fo"Release\\" /Fd"Release\vc120.pdb" /Gd /TP /analyze- /errorReport:prompt Game.cpp Main.cpp MainComponent.cpp
         Game.cpp
     1>c:\users\charles\desktop\c++ projects\projects\piet\piet\Entities.h(145): warning C4305: '=' : truncation from 'double' to 'float'
     1>c:\users\charles\desktop\c++ projects\projects\piet\piet\Entities.h(146): warning C4305: '=' : truncation from 'double' to 'float'
     1>c:\users\charles\desktop\c++ projects\projects\piet\piet\StencilObject.h(20): warning C4018: '<' : signed/unsigned mismatch
     1>c:\users\charles\desktop\c++ projects\projects\piet\piet\Levels.h(171): warning C4018: '<' : signed/unsigned mismatch
     1>c:\users\charles\desktop\c++ projects\projects\piet\piet\Levels.h(175): warning C4018: '<' : signed/unsigned mismatch
     1>c:\users\charles\desktop\c++ projects\projects\piet\piet\Levels.h(192): warning C4244: 'initializing' : conversion from 'Uint32' to 'float', possible loss of data
     1>c:\users\charles\desktop\c++ projects\projects\piet\piet\Levels.h(197): warning C4244: '=' : conversion from 'Uint32' to 'float', possible loss of data
     1>c:\users\charles\desktop\c++ projects\projects\piet\piet\Levels.h(201): warning C4305: '-=' : truncation from 'double' to 'float'
     1>c:\users\charles\desktop\c++ projects\projects\piet\piet\Levels.h(203): warning C4305: '=' : truncation from 'double' to 'float'
     1>c:\users\charles\desktop\c++ projects\projects\piet\piet\Levels.h(206): warning C4305: '+=' : truncation from 'double' to 'float'
     1>c:\users\charles\desktop\c++ projects\projects\piet\piet\Levels.h(250): warning C4244: 'initializing' : conversion from 'float' to 'int', possible loss of data
     1>c:\users\charles\desktop\c++ projects\projects\piet\piet\Levels.h(251): warning C4244: 'initializing' : conversion from 'float' to 'int', possible loss of data
     1>c:\users\charles\desktop\c++ projects\projects\piet\piet\Levels.h(264): warning C4018: '<' : signed/unsigned mismatch
     1>c:\users\charles\desktop\c++ projects\projects\piet\piet\Levels.h(272): warning C4018: '<' : signed/unsigned mismatch
     1>c:\users\charles\desktop\c++ projects\projects\piet\piet\Levels.h(280): warning C4244: 'argument' : conversion from 'int' to 'float', possible loss of data
     1>c:\users\charles\desktop\c++ projects\projects\piet\piet\Levels.h(281): warning C4244: 'argument' : conversion from 'int' to 'float', possible loss of data
     1>c:\users\charles\desktop\c++ projects\projects\piet\piet\Levels.h(391): warning C4305: 'argument' : truncation from 'double' to 'float'
     1>c:\users\charles\desktop\c++ projects\projects\piet\piet\Levels.h(425): warning C4018: '<' : signed/unsigned mismatch
     1>c:\users\charles\desktop\c++ projects\projects\piet\piet\Levels.h(429): warning C4018: '<' : signed/unsigned mismatch
     1>c:\users\charles\desktop\c++ projects\projects\piet\piet\Levels.h(599): warning C4018: '<' : signed/unsigned mismatch
     1>c:\users\charles\desktop\c++ projects\projects\piet\piet\Levels.h(611): warning C4018: '<' : signed/unsigned mismatch
     1>c:\users\charles\desktop\c++ projects\projects\piet\piet\Levels.h(612): warning C4018: '<' : signed/unsigned mismatch
     1>Game.cpp(52): warning C4244: 'argument' : conversion from 'int' to 'float', possible loss of data
         GLM: rotate function taking degrees as a parameter is deprecated. #define GLM_FORCE_RADIANS before including GLM headers to remove this message.
         Main.cpp
     1>c:\users\charles\desktop\c++ projects\projects\piet\piet\Entities.h(145): warning C4305: '=' : truncation from 'double' to 'float'
     1>c:\users\charles\desktop\c++ projects\projects\piet\piet\Entities.h(146): warning C4305: '=' : truncation from 'double' to 'float'
     1>c:\users\charles\desktop\c++ projects\projects\piet\piet\StencilObject.h(20): warning C4018: '<' : signed/unsigned mismatch
     1>c:\users\charles\desktop\c++ projects\projects\piet\piet\Levels.h(171): warning C4018: '<' : signed/unsigned mismatch
     1>c:\users\charles\desktop\c++ projects\projects\piet\piet\Levels.h(175): warning C4018: '<' : signed/unsigned mismatch
     1>c:\users\charles\desktop\c++ projects\projects\piet\piet\Levels.h(192): warning C4244: 'initializing' : conversion from 'Uint32' to 'float', possible loss of data
     1>c:\users\charles\desktop\c++ projects\projects\piet\piet\Levels.h(197): warning C4244: '=' : conversion from 'Uint32' to 'float', possible loss of data
     1>c:\users\charles\desktop\c++ projects\projects\piet\piet\Levels.h(201): warning C4305: '-=' : truncation from 'double' to 'float'
     1>c:\users\charles\desktop\c++ projects\projects\piet\piet\Levels.h(203): warning C4305: '=' : truncation from 'double' to 'float'
     1>c:\users\charles\desktop\c++ projects\projects\piet\piet\Levels.h(206): warning C4305: '+=' : truncation from 'double' to 'float'
     1>c:\users\charles\desktop\c++ projects\projects\piet\piet\Levels.h(250): warning C4244: 'initializing' : conversion from 'float' to 'int', possible loss of data
     1>c:\users\charles\desktop\c++ projects\projects\piet\piet\Levels.h(251): warning C4244: 'initializing' : conversion from 'float' to 'int', possible loss of data
     1>c:\users\charles\desktop\c++ projects\projects\piet\piet\Levels.h(264): warning C4018: '<' : signed/unsigned mismatch
     1>c:\users\charles\desktop\c++ projects\projects\piet\piet\Levels.h(272): warning C4018: '<' : signed/unsigned mismatch
     1>c:\users\charles\desktop\c++ projects\projects\piet\piet\Levels.h(280): warning C4244: 'argument' : conversion from 'int' to 'float', possible loss of data
     1>c:\users\charles\desktop\c++ projects\projects\piet\piet\Levels.h(281): warning C4244: 'argument' : conversion from 'int' to 'float', possible loss of data
     1>c:\users\charles\desktop\c++ projects\projects\piet\piet\Levels.h(391): warning C4305: 'argument' : truncation from 'double' to 'float'
     1>c:\users\charles\desktop\c++ projects\projects\piet\piet\Levels.h(425): warning C4018: '<' : signed/unsigned mismatch
     1>c:\users\charles\desktop\c++ projects\projects\piet\piet\Levels.h(429): warning C4018: '<' : signed/unsigned mismatch
     1>c:\users\charles\desktop\c++ projects\projects\piet\piet\Levels.h(599): warning C4018: '<' : signed/unsigned mismatch
     1>c:\users\charles\desktop\c++ projects\projects\piet\piet\Levels.h(611): warning C4018: '<' : signed/unsigned mismatch
     1>c:\users\charles\desktop\c++ projects\projects\piet\piet\Levels.h(612): warning C4018: '<' : signed/unsigned mismatch
         GLM: rotate function taking degrees as a parameter is deprecated. #define GLM_FORCE_RADIANS before including GLM headers to remove this message.
         MainComponent.cpp
     1>c:\users\charles\desktop\c++ projects\projects\piet\piet\Entities.h(145): warning C4305: '=' : truncation from 'double' to 'float'
     1>c:\users\charles\desktop\c++ projects\projects\piet\piet\Entities.h(146): warning C4305: '=' : truncation from 'double' to 'float'
     1>c:\users\charles\desktop\c++ projects\projects\piet\piet\StencilObject.h(20): warning C4018: '<' : signed/unsigned mismatch
     1>c:\users\charles\desktop\c++ projects\projects\piet\piet\Levels.h(171): warning C4018: '<' : signed/unsigned mismatch
     1>c:\users\charles\desktop\c++ projects\projects\piet\piet\Levels.h(175): warning C4018: '<' : signed/unsigned mismatch
     1>c:\users\charles\desktop\c++ projects\projects\piet\piet\Levels.h(192): warning C4244: 'initializing' : conversion from 'Uint32' to 'float', possible loss of data
     1>c:\users\charles\desktop\c++ projects\projects\piet\piet\Levels.h(197): warning C4244: '=' : conversion from 'Uint32' to 'float', possible loss of data
     1>c:\users\charles\desktop\c++ projects\projects\piet\piet\Levels.h(201): warning C4305: '-=' : truncation from 'double' to 'float'
     1>c:\users\charles\desktop\c++ projects\projects\piet\piet\Levels.h(203): warning C4305: '=' : truncation from 'double' to 'float'
     1>c:\users\charles\desktop\c++ projects\projects\piet\piet\Levels.h(206): warning C4305: '+=' : truncation from 'double' to 'float'
     1>c:\users\charles\desktop\c++ projects\projects\piet\piet\Levels.h(250): warning C4244: 'initializing' : conversion from 'float' to 'int', possible loss of data
     1>c:\users\charles\desktop\c++ projects\projects\piet\piet\Levels.h(251): warning C4244: 'initializing' : conversion from 'float' to 'int', possible loss of data
     1>c:\users\charles\desktop\c++ projects\projects\piet\piet\Levels.h(264): warning C4018: '<' : signed/unsigned mismatch
     1>c:\users\charles\desktop\c++ projects\projects\piet\piet\Levels.h(272): warning C4018: '<' : signed/unsigned mismatch
     1>c:\users\charles\desktop\c++ projects\projects\piet\piet\Levels.h(280): warning C4244: 'argument' : conversion from 'int' to 'float', possible loss of data
     1>c:\users\charles\desktop\c++ projects\projects\piet\piet\Levels.h(281): warning C4244: 'argument' : conversion from 'int' to 'float', possible loss of data
     1>c:\users\charles\desktop\c++ projects\projects\piet\piet\Levels.h(391): warning C4305: 'argument' : truncation from 'double' to 'float'
     1>c:\users\charles\desktop\c++ projects\projects\piet\piet\Levels.h(425): warning C4018: '<' : signed/unsigned mismatch
     1>c:\users\charles\desktop\c++ projects\projects\piet\piet\Levels.h(429): warning C4018: '<' : signed/unsigned mismatch
     1>c:\users\charles\desktop\c++ projects\projects\piet\piet\Levels.h(599): warning C4018: '<' : signed/unsigned mismatch
     1>c:\users\charles\desktop\c++ projects\projects\piet\piet\Levels.h(611): warning C4018: '<' : signed/unsigned mismatch
     1>c:\users\charles\desktop\c++ projects\projects\piet\piet\Levels.h(612): warning C4018: '<' : signed/unsigned mismatch
         GLM: rotate function taking degrees as a parameter is deprecated. #define GLM_FORCE_RADIANS before including GLM headers to remove this message.
       Link:
         C:\Program Files (x86)\Microsoft Visual Studio 12.0\VC\bin\link.exe /ERRORREPORT:PROMPT /OUT:"C:\Users\Charles\Desktop\C++ Projects\Projects\Piet\Release\Piet.exe" /INCREMENTAL:NO /NOLOGO /LIBPATH:.\lib SDL2.lib SDL2main.lib SDL2test.lib glew32.lib glew32s.lib OpenGL32.lib kernel32.lib user32.lib gdi32.lib winspool.lib comdlg32.lib advapi32.lib shell32.lib ole32.lib oleaut32.lib uuid.lib odbc32.lib odbccp32.lib /MANIFEST /MANIFESTUAC:"level='asInvoker' uiAccess='false'" /manifest:embed /DEBUG /PDB:"C:\Users\Charles\Desktop\C++ Projects\Projects\Piet\Release\Piet.pdb" /SUBSYSTEM:CONSOLE /OPT:REF /OPT:ICF /LTCG /TLBID:1 /DYNAMICBASE /NXCOMPAT /IMPLIB:"C:\Users\Charles\Desktop\C++ Projects\Projects\Piet\Release\Piet.lib" /MACHINE:X86 /SAFESEH Release\Display.obj
         Release\Game.obj
         Release\Input.obj
         Release\Main.obj
         Release\MainComponent.obj
         Release\mathFunctions.obj
         Release\Mesh.obj
         Release\Shader.obj
         Release\Sprite.obj
         Release\stb_image.obj
         Release\Texture.obj
         Release\Time.obj
         Generating code
     1>c:\users\charles\desktop\c++ projects\projects\piet\piet\entities.h(73): warning C4715: 'Entity::getRelativeVelocityY' : not all control paths return a value
     1>c:\users\charles\desktop\c++ projects\projects\piet\piet\entities.h(59): warning C4715: 'Entity::getRelativeVelocityX' : not all control paths return a value
     1>c:\users\charles\desktop\c++ projects\projects\piet\piet\tiles.h(67): warning C4715: 'Block::ObjectCollision' : not all control paths return a value
         Finished generating code
         Piet.vcxproj -> C:\Users\Charles\Desktop\C++ Projects\Projects\Piet\Release\Piet.exe
     1>Done Building Project "C:\Users\Charles\Desktop\C++ Projects\Projects\Piet\Piet\Piet.vcxproj" (Build target(s)).

Build succeeded.

Time Elapsed 00:00:05.11
